===================================================================
ROLE: govspend-analyst-role   PROOF: 01 analyst: permitted columns -> SUCCEEDS
===================================================================
STATE: SUCCEEDED
-----------------------------------------------------------------------------------------------------------------------------------------------------------
|                                                                     GetQueryResults                                                                     |
+------------------------------------------------------------------------------------------------------------------+--------------------------------------+
|  UpdateCount                                                                                                     |  0                                   |
+------------------------------------------------------------------------------------------------------------------+--------------------------------------+
||                                                                       ResultSet                                                                       ||
|+-------------------------------------------------------------------------------------------------------------------------------------------------------+|
|||                                                                  ResultSetMetadata                                                                  |||
||+-----------------------------------------------------------------------------------------------------------------------------------------------------+||
||||                                                                    ColumnInfo                                                                     ||||
|||+---------------+--------------+--------------------+--------------------+-----------+-------------+--------+-------------+-------------+-----------+|||
|||| CaseSensitive | CatalogName  |       Label        |       Name         | Nullable  |  Precision  | Scale  | SchemaName  |  TableName  |   Type    ||||
|||+---------------+--------------+--------------------+--------------------+-----------+-------------+--------+-------------+-------------+-----------+|||
||||  True         |  hive        |  source_department |  source_department |  UNKNOWN  |  2147483647 |  0     |             |             |  varchar  ||||
||||  True         |  hive        |  payment_month     |  payment_month     |  UNKNOWN  |  2147483647 |  0     |             |             |  varchar  ||||
||||  True         |  hive        |  supplier_name     |  supplier_name     |  UNKNOWN  |  2147483647 |  0     |             |             |  varchar  ||||
||||  False        |  hive        |  amount_gbp        |  amount_gbp        |  UNKNOWN  |  17         |  0     |             |             |  double   ||||
||||  True         |  hive        |  expense_category  |  expense_category  |  UNKNOWN  |  2147483647 |  0     |             |             |  varchar  ||||
||||  True         |  hive        |  processing_status |  processing_status |  UNKNOWN  |  2147483647 |  0     |             |             |  varchar  ||||
|||+---------------+--------------+--------------------+--------------------+-----------+-------------+--------+-------------+-------------+-----------+|||
|||                                                                        Rows                                                                         |||
||||                                                                       Data                                                                        ||||
|||+---------------------------------------------------------------------------------------------------------------------------------------------------+|||
||||                                                                   VarCharValue                                                                    ||||
|||+---------------------------------------------------------------------------------------------------------------------------------------------------+|||
||||  source_department                                                                                                                                ||||
||||  payment_month                                                                                                                                    ||||
||||  supplier_name                                                                                                                                    ||||
||||  amount_gbp                                                                                                                                       ||||
||||  expense_category                                                                                                                                 ||||
||||  processing_status                                                                                                                                ||||
|||+---------------------------------------------------------------------------------------------------------------------------------------------------+|||
|||                                                                        Rows                                                                         |||
||||                                                                       Data                                                                        ||||
|||+---------------------------------------------------------------------------------------------------------------------------------------------------+|||
||||                                                                   VarCharValue                                                                    ||||
|||+---------------------------------------------------------------------------------------------------------------------------------------------------+|||
||||  cabinet_office                                                                                                                                   ||||
||||  2026-04                                                                                                                                          ||||
||||  Fujitsu Services                                                                                                                                 ||||
||||  639340.79                                                                                                                                        ||||
||||  IT & Telecoms                                                                                                                                    ||||
||||  Approved                                                                                                                                         ||||
|||+---------------------------------------------------------------------------------------------------------------------------------------------------+|||
|||                                                                        Rows                                                                         |||
||||                                                                       Data                                                                        ||||
|||+---------------------------------------------------------------------------------------------------------------------------------------------------+|||
||||                                                                   VarCharValue                                                                    ||||
|||+---------------------------------------------------------------------------------------------------------------------------------------------------+|||
||||  cabinet_office                                                                                                                                   ||||
||||  2026-04                                                                                                                                          ||||
||||  Capita Plc                                                                                                                                       ||||
||||  432579.85                                                                                                                                        ||||
||||  IT & Telecoms                                                                                                                                    ||||
||||  Approved                                                                                                                                         ||||
|||+---------------------------------------------------------------------------------------------------------------------------------------------------+|||
|||                                                                        Rows                                                                         |||
||||                                                                       Data                                                                        ||||
|||+---------------------------------------------------------------------------------------------------------------------------------------------------+|||
||||                                                                   VarCharValue                                                                    ||||
|||+---------------------------------------------------------------------------------------------------------------------------------------------------+|||
||||  cabinet_office                                                                                                                                   ||||
||||  2026-04                                                                                                                                          ||||
||||  Fujitsu Services                                                                                                                                 ||||
||||  205195.03                                                                                                                                        ||||
||||  Consultancy                                                                                                                                      ||||
||||  Pending                                                                                                                                          ||||
|||+---------------------------------------------------------------------------------------------------------------------------------------------------+|||
|||                                                                        Rows                                                                         |||
||||                                                                       Data                                                                        ||||
|||+---------------------------------------------------------------------------------------------------------------------------------------------------+|||
||||                                                                   VarCharValue                                                                    ||||
|||+---------------------------------------------------------------------------------------------------------------------------------------------------+|||
||||  cabinet_office                                                                                                                                   ||||
||||  2026-04                                                                                                                                          ||||
||||  Serco Group                                                                                                                                      ||||
||||  695803.78                                                                                                                                        ||||
||||  Grants                                                                                                                                           ||||
||||  Approved                                                                                                                                         ||||
|||+---------------------------------------------------------------------------------------------------------------------------------------------------+|||
|||                                                                        Rows                                                                         |||
||||                                                                       Data                                                                        ||||
|||+---------------------------------------------------------------------------------------------------------------------------------------------------+|||
||||                                                                   VarCharValue                                                                    ||||
|||+---------------------------------------------------------------------------------------------------------------------------------------------------+|||
||||  cabinet_office                                                                                                                                   ||||
||||  2026-04                                                                                                                                          ||||
||||  Deloitte Llp                                                                                                                                     ||||
||||  646745.41                                                                                                                                        ||||
||||  Estates                                                                                                                                          ||||
||||  Approved                                                                                                                                         ||||
|||+---------------------------------------------------------------------------------------------------------------------------------------------------+|||
|||                                                                        Rows                                                                         |||
||||                                                                       Data                                                                        ||||
|||+---------------------------------------------------------------------------------------------------------------------------------------------------+|||
||||                                                                   VarCharValue                                                                    ||||
|||+---------------------------------------------------------------------------------------------------------------------------------------------------+|||
||||  cabinet_office                                                                                                                                   ||||
||||  2026-04                                                                                                                                          ||||
||||  Kainos                                                                                                                                           ||||
||||  889544.63                                                                                                                                        ||||
||||  IT & Telecoms                                                                                                                                    ||||
||||  Pending                                                                                                                                          ||||
|||+---------------------------------------------------------------------------------------------------------------------------------------------------+|||
|||                                                                        Rows                                                                         |||
||||                                                                       Data                                                                        ||||
|||+---------------------------------------------------------------------------------------------------------------------------------------------------+|||
||||                                                                   VarCharValue                                                                    ||||
|||+---------------------------------------------------------------------------------------------------------------------------------------------------+|||
||||  cabinet_office                                                                                                                                   ||||
||||  2026-04                                                                                                                                          ||||
||||  Bae Systems                                                                                                                                      ||||
||||  109037.82                                                                                                                                        ||||
||||  IT & Telecoms                                                                                                                                    ||||
||||                                                                                                                                                   ||||
|||+---------------------------------------------------------------------------------------------------------------------------------------------------+|||
|||                                                                        Rows                                                                         |||
||||                                                                       Data                                                                        ||||
|||+---------------------------------------------------------------------------------------------------------------------------------------------------+|||
||||                                                                   VarCharValue                                                                    ||||
|||+---------------------------------------------------------------------------------------------------------------------------------------------------+|||
||||  cabinet_office                                                                                                                                   ||||
||||  2026-04                                                                                                                                          ||||
||||  Kainos                                                                                                                                           ||||
||||  550843.54                                                                                                                                        ||||
||||  IT & Telecoms                                                                                                                                    ||||
||||  Rejected                                                                                                                                         ||||
|||+---------------------------------------------------------------------------------------------------------------------------------------------------+|||
|||                                                                        Rows                                                                         |||
||||                                                                       Data                                                                        ||||
|||+---------------------------------------------------------------------------------------------------------------------------------------------------+|||
||||                                                                   VarCharValue                                                                    ||||
|||+---------------------------------------------------------------------------------------------------------------------------------------------------+|||
||||  cabinet_office                                                                                                                                   ||||
||||  2026-04                                                                                                                                          ||||
||||  Kainos                                                                                                                                           ||||
||||  714798.32                                                                                                                                        ||||
||||  Staff & Agency                                                                                                                                   ||||
||||  Approved                                                                                                                                         ||||
|||+---------------------------------------------------------------------------------------------------------------------------------------------------+|||
|||                                                                        Rows                                                                         |||
||||                                                                       Data                                                                        ||||
|||+---------------------------------------------------------------------------------------------------------------------------------------------------+|||
||||                                                                   VarCharValue                                                                    ||||
|||+---------------------------------------------------------------------------------------------------------------------------------------------------+|||
||||  cabinet_office                                                                                                                                   ||||
||||  2026-04                                                                                                                                          ||||
||||  Microsoft Ltd                                                                                                                                    ||||
||||  -479818.9                                                                                                                                        ||||
||||  Staff & Agency                                                                                                                                   ||||
||||  Approved                                                                                                                                         ||||
|||+---------------------------------------------------------------------------------------------------------------------------------------------------+|||
|||                                                                        Rows                                                                         |||
||||                                                                       Data                                                                        ||||
|||+---------------------------------------------------------------------------------------------------------------------------------------------------+|||
||||                                                                   VarCharValue                                                                    ||||
|||+---------------------------------------------------------------------------------------------------------------------------------------------------+|||
||||  cabinet_office                                                                                                                                   ||||
||||  2026-04                                                                                                                                          ||||
||||  Fujitsu Services                                                                                                                                 ||||
||||  -709414.74                                                                                                                                       ||||
||||  Estates                                                                                                                                          ||||
||||                                                                                                                                                   ||||
|||+---------------------------------------------------------------------------------------------------------------------------------------------------+|||
|||                                                                        Rows                                                                         |||
||||                                                                       Data                                                                        ||||
|||+---------------------------------------------------------------------------------------------------------------------------------------------------+|||
||||                                                                   VarCharValue                                                                    ||||
|||+---------------------------------------------------------------------------------------------------------------------------------------------------+|||
||||  cabinet_office                                                                                                                                   ||||
||||  2026-04                                                                                                                                          ||||
||||  Serco Group                                                                                                                                      ||||
||||  863012.92                                                                                                                                        ||||
||||  Staff & Agency                                                                                                                                   ||||
||||  Approved                                                                                                                                         ||||
|||+---------------------------------------------------------------------------------------------------------------------------------------------------+|||
|||                                                                        Rows                                                                         |||
||||                                                                       Data                                                                        ||||
|||+---------------------------------------------------------------------------------------------------------------------------------------------------+|||
||||                                                                   VarCharValue                                                                    ||||
|||+---------------------------------------------------------------------------------------------------------------------------------------------------+|||
||||  cabinet_office                                                                                                                                   ||||
||||  2026-04                                                                                                                                          ||||
||||  Bae Systems                                                                                                                                      ||||
||||  379125.04                                                                                                                                        ||||
||||  Grants                                                                                                                                           ||||
||||  Approved                                                                                                                                         ||||
|||+---------------------------------------------------------------------------------------------------------------------------------------------------+|||
|||                                                                        Rows                                                                         |||
||||                                                                       Data                                                                        ||||
|||+---------------------------------------------------------------------------------------------------------------------------------------------------+|||
||||                                                                   VarCharValue                                                                    ||||
|||+---------------------------------------------------------------------------------------------------------------------------------------------------+|||
||||  cabinet_office                                                                                                                                   ||||
||||  2026-04                                                                                                                                          ||||
||||  Kainos                                                                                                                                           ||||
||||  913568.16                                                                                                                                        ||||
||||  Estates                                                                                                                                          ||||
||||  Approved                                                                                                                                         ||||
|||+---------------------------------------------------------------------------------------------------------------------------------------------------+|||
|||                                                                        Rows                                                                         |||
||||                                                                       Data                                                                        ||||
|||+---------------------------------------------------------------------------------------------------------------------------------------------------+|||
||||                                                                   VarCharValue                                                                    ||||
|||+---------------------------------------------------------------------------------------------------------------------------------------------------+|||
||||  cabinet_office                                                                                                                                   ||||
||||  2026-04                                                                                                                                          ||||
||||  Bae Systems                                                                                                                                      ||||
||||  806763.49                                                                                                                                        ||||
||||  IT & Telecoms                                                                                                                                    ||||
||||  Approved                                                                                                                                         ||||
|||+---------------------------------------------------------------------------------------------------------------------------------------------------+|||
|||                                                                        Rows                                                                         |||
||||                                                                       Data                                                                        ||||
|||+---------------------------------------------------------------------------------------------------------------------------------------------------+|||
||||                                                                   VarCharValue                                                                    ||||
|||+---------------------------------------------------------------------------------------------------------------------------------------------------+|||
||||  cabinet_office                                                                                                                                   ||||
||||  2026-04                                                                                                                                          ||||
||||  Microsoft Ltd                                                                                                                                    ||||
||||  388822.57                                                                                                                                        ||||
||||  Estates                                                                                                                                          ||||
||||  Approved                                                                                                                                         ||||
|||+---------------------------------------------------------------------------------------------------------------------------------------------------+|||
|||                                                                        Rows                                                                         |||
||||                                                                       Data                                                                        ||||
|||+---------------------------------------------------------------------------------------------------------------------------------------------------+|||
||||                                                                   VarCharValue                                                                    ||||
|||+---------------------------------------------------------------------------------------------------------------------------------------------------+|||
||||  cabinet_office                                                                                                                                   ||||
||||  2026-04                                                                                                                                          ||||
||||  Deloitte Llp                                                                                                                                     ||||
||||  585195.07                                                                                                                                        ||||
||||  Estates                                                                                                                                          ||||
||||  Pending                                                                                                                                          ||||
|||+---------------------------------------------------------------------------------------------------------------------------------------------------+|||
|||                                                                        Rows                                                                         |||
||||                                                                       Data                                                                        ||||
|||+---------------------------------------------------------------------------------------------------------------------------------------------------+|||
||||                                                                   VarCharValue                                                                    ||||
|||+---------------------------------------------------------------------------------------------------------------------------------------------------+|||
||||  cabinet_office                                                                                                                                   ||||
||||  2026-04                                                                                                                                          ||||
||||  Kainos                                                                                                                                           ||||
||||  629327.06                                                                                                                                        ||||
||||  IT & Telecoms                                                                                                                                    ||||
||||  Rejected                                                                                                                                         ||||
|||+---------------------------------------------------------------------------------------------------------------------------------------------------+|||
|||                                                                        Rows                                                                         |||
||||                                                                       Data                                                                        ||||
|||+---------------------------------------------------------------------------------------------------------------------------------------------------+|||
||||                                                                   VarCharValue                                                                    ||||
|||+---------------------------------------------------------------------------------------------------------------------------------------------------+|||
||||  cabinet_office                                                                                                                                   ||||
||||  2026-04                                                                                                                                          ||||
||||  Microsoft Ltd                                                                                                                                    ||||
||||  310345.69                                                                                                                                        ||||
||||  Consultancy                                                                                                                                      ||||
||||  Approved                                                                                                                                         ||||
|||+---------------------------------------------------------------------------------------------------------------------------------------------------+|||
|||                                                                        Rows                                                                         |||
||||                                                                       Data                                                                        ||||
|||+---------------------------------------------------------------------------------------------------------------------------------------------------+|||
||||                                                                   VarCharValue                                                                    ||||
|||+---------------------------------------------------------------------------------------------------------------------------------------------------+|||
||||  cabinet_office                                                                                                                                   ||||
||||  2026-04                                                                                                                                          ||||
||||  Deloitte Llp                                                                                                                                     ||||
||||  177589.95                                                                                                                                        ||||
||||  Estates                                                                                                                                          ||||
||||  Pending                                                                                                                                          ||||
|||+---------------------------------------------------------------------------------------------------------------------------------------------------+|||
===================================================================
ROLE: govspend-analyst-role   PROOF: 02 analyst: names restricted column 'approver' -> ACCESS DENIED
===================================================================
STATE: FAILED
REASON (this IS the proof for the denied case):
COLUMN_NOT_FOUND: Column 'approver' cannot be resolved or requester is not authorized to access requested resources
===================================================================
ROLE: govspend-assurance-role   PROOF: 03 assurance: restricted columns -> SUCCEEDS, all rows
===================================================================
STATE: SUCCEEDED
-----------------------------------------------------------------------------------------------------------------------------------------------------
|                                                                  GetQueryResults                                                                  |
+--------------------------------------------------------------------------------------------------------------+------------------------------------+
|  UpdateCount                                                                                                 |  0                                 |
+--------------------------------------------------------------------------------------------------------------+------------------------------------+
||                                                                    ResultSet                                                                    ||
|+-------------------------------------------------------------------------------------------------------------------------------------------------+|
|||                                                               ResultSetMetadata                                                               |||
||+-----------------------------------------------------------------------------------------------------------------------------------------------+||
||||                                                                 ColumnInfo                                                                  ||||
|||+---------------+--------------+-----------------+-----------------+-----------+-------------+--------+-------------+-------------+-----------+|||
|||| CaseSensitive | CatalogName  |      Label      |      Name       | Nullable  |  Precision  | Scale  | SchemaName  |  TableName  |   Type    ||||
|||+---------------+--------------+-----------------+-----------------+-----------+-------------+--------+-------------+-------------+-----------+|||
||||  True         |  hive        |  transaction_id |  transaction_id |  UNKNOWN  |  2147483647 |  0     |             |             |  varchar  ||||
||||  True         |  hive        |  supplier_name  |  supplier_name  |  UNKNOWN  |  2147483647 |  0     |             |             |  varchar  ||||
||||  True         |  hive        |  approver       |  approver       |  UNKNOWN  |  2147483647 |  0     |             |             |  varchar  ||||
||||  True         |  hive        |  budget_owner   |  budget_owner   |  UNKNOWN  |  2147483647 |  0     |             |             |  varchar  ||||
||||  True         |  hive        |  risk_rating    |  risk_rating    |  UNKNOWN  |  2147483647 |  0     |             |             |  varchar  ||||
||||  True         |  hive        |  internal_notes |  internal_notes |  UNKNOWN  |  2147483647 |  0     |             |             |  varchar  ||||
|||+---------------+--------------+-----------------+-----------------+-----------+-------------+--------+-------------+-------------+-----------+|||
|||                                                                     Rows                                                                      |||
||||                                                                    Data                                                                     ||||
|||+---------------------------------------------------------------------------------------------------------------------------------------------+|||
||||                                                                VarCharValue                                                                 ||||
|||+---------------------------------------------------------------------------------------------------------------------------------------------+|||
||||  transaction_id                                                                                                                             ||||
||||  supplier_name                                                                                                                              ||||
||||  approver                                                                                                                                   ||||
||||  budget_owner                                                                                                                               ||||
||||  risk_rating                                                                                                                                ||||
||||  internal_notes                                                                                                                             ||||
|||+---------------------------------------------------------------------------------------------------------------------------------------------+|||
|||                                                                     Rows                                                                      |||
||||                                                                    Data                                                                     ||||
|||+---------------------------------------------------------------------------------------------------------------------------------------------+|||
||||                                                                VarCharValue                                                                 ||||
|||+---------------------------------------------------------------------------------------------------------------------------------------------+|||
||||  MOD-2026-04-0002                                                                                                                           ||||
||||  Deloitte Llp                                                                                                                               ||||
||||  j.dunne                                                                                                                                    ||||
||||  Finance BP South                                                                                                                           ||||
||||  Low                                                                                                                                        ||||
||||  Awaiting budget confirmation                                                                                                               ||||
|||+---------------------------------------------------------------------------------------------------------------------------------------------+|||
|||                                                                     Rows                                                                      |||
||||                                                                    Data                                                                     ||||
|||+---------------------------------------------------------------------------------------------------------------------------------------------+|||
||||                                                                VarCharValue                                                                 ||||
|||+---------------------------------------------------------------------------------------------------------------------------------------------+|||
||||  MOD-2026-04-0004                                                                                                                           ||||
||||  Capita Plc                                                                                                                                 ||||
||||                                                                                                                                             ||||
||||                                                                                                                                             ||||
||||  Low                                                                                                                                        ||||
||||                                                                                                                                             ||||
|||+---------------------------------------------------------------------------------------------------------------------------------------------+|||
|||                                                                     Rows                                                                      |||
||||                                                                    Data                                                                     ||||
|||+---------------------------------------------------------------------------------------------------------------------------------------------+|||
||||                                                                VarCharValue                                                                 ||||
|||+---------------------------------------------------------------------------------------------------------------------------------------------+|||
||||  MOD-2026-04-0005                                                                                                                           ||||
||||  Bae Systems                                                                                                                                ||||
||||  j.dunne                                                                                                                                    ||||
||||  Programme Office                                                                                                                           ||||
||||  Medium                                                                                                                                     ||||
||||  Awaiting budget confirmation                                                                                                               ||||
|||+---------------------------------------------------------------------------------------------------------------------------------------------+|||
|||                                                                     Rows                                                                      |||
||||                                                                    Data                                                                     ||||
|||+---------------------------------------------------------------------------------------------------------------------------------------------+|||
||||                                                                VarCharValue                                                                 ||||
|||+---------------------------------------------------------------------------------------------------------------------------------------------+|||
||||  MOD-2026-04-0009                                                                                                                           ||||
||||  Fujitsu Services                                                                                                                           ||||
||||  a.okafor                                                                                                                                   ||||
||||  Finance BP South                                                                                                                           ||||
||||  Low                                                                                                                                        ||||
||||  Escalated to budget owner                                                                                                                  ||||
|||+---------------------------------------------------------------------------------------------------------------------------------------------+|||
|||                                                                     Rows                                                                      |||
||||                                                                    Data                                                                     ||||
|||+---------------------------------------------------------------------------------------------------------------------------------------------+|||
||||                                                                VarCharValue                                                                 ||||
|||+---------------------------------------------------------------------------------------------------------------------------------------------+|||
||||  MOD-2026-04-0014                                                                                                                           ||||
||||  Capita Plc                                                                                                                                 ||||
||||  s.mills                                                                                                                                    ||||
||||  Estates Finance                                                                                                                            ||||
||||  Low                                                                                                                                        ||||
||||  Flagged for spot check                                                                                                                     ||||
|||+---------------------------------------------------------------------------------------------------------------------------------------------+|||
|||                                                                     Rows                                                                      |||
||||                                                                    Data                                                                     ||||
|||+---------------------------------------------------------------------------------------------------------------------------------------------+|||
||||                                                                VarCharValue                                                                 ||||
|||+---------------------------------------------------------------------------------------------------------------------------------------------+|||
||||  MOD-2026-04-0021                                                                                                                           ||||
||||  Pwc                                                                                                                                        ||||
||||  r.patel                                                                                                                                    ||||
||||  Finance BP North                                                                                                                           ||||
||||  Low                                                                                                                                        ||||
||||  Escalated to budget owner                                                                                                                  ||||
|||+---------------------------------------------------------------------------------------------------------------------------------------------+|||
|||                                                                     Rows                                                                      |||
||||                                                                    Data                                                                     ||||
|||+---------------------------------------------------------------------------------------------------------------------------------------------+|||
||||                                                                VarCharValue                                                                 ||||
|||+---------------------------------------------------------------------------------------------------------------------------------------------+|||
||||  MOD-2026-04-0026                                                                                                                           ||||
||||  Serco Group                                                                                                                                ||||
||||  s.mills                                                                                                                                    ||||
||||  Finance BP South                                                                                                                           ||||
||||  High                                                                                                                                       ||||
||||  Approved under delegated authority                                                                                                         ||||
|||+---------------------------------------------------------------------------------------------------------------------------------------------+|||
|||                                                                     Rows                                                                      |||
||||                                                                    Data                                                                     ||||
|||+---------------------------------------------------------------------------------------------------------------------------------------------+|||
||||                                                                VarCharValue                                                                 ||||
|||+---------------------------------------------------------------------------------------------------------------------------------------------+|||
||||  MOD-2026-04-0108                                                                                                                           ||||
||||  Bae Systems                                                                                                                                ||||
||||  a.okafor                                                                                                                                   ||||
||||  Programme Office                                                                                                                           ||||
||||  Medium                                                                                                                                     ||||
||||  Within tolerance                                                                                                                           ||||
|||+---------------------------------------------------------------------------------------------------------------------------------------------+|||
|||                                                                     Rows                                                                      |||
||||                                                                    Data                                                                     ||||
|||+---------------------------------------------------------------------------------------------------------------------------------------------+|||
||||                                                                VarCharValue                                                                 ||||
|||+---------------------------------------------------------------------------------------------------------------------------------------------+|||
||||  MOD-2026-04-0114                                                                                                                           ||||
||||  Kainos                                                                                                                                     ||||
||||                                                                                                                                             ||||
||||                                                                                                                                             ||||
||||  Low                                                                                                                                        ||||
||||                                                                                                                                             ||||
|||+---------------------------------------------------------------------------------------------------------------------------------------------+|||
|||                                                                     Rows                                                                      |||
||||                                                                    Data                                                                     ||||
|||+---------------------------------------------------------------------------------------------------------------------------------------------+|||
||||                                                                VarCharValue                                                                 ||||
|||+---------------------------------------------------------------------------------------------------------------------------------------------+|||
||||  MOD-2026-04-0120                                                                                                                           ||||
||||  Serco Group                                                                                                                                ||||
||||  j.dunne                                                                                                                                    ||||
||||  Finance BP South                                                                                                                           ||||
||||  High                                                                                                                                       ||||
||||  Escalated to budget owner                                                                                                                  ||||
|||+---------------------------------------------------------------------------------------------------------------------------------------------+|||
|||                                                                     Rows                                                                      |||
||||                                                                    Data                                                                     ||||
|||+---------------------------------------------------------------------------------------------------------------------------------------------+|||
||||                                                                VarCharValue                                                                 ||||
|||+---------------------------------------------------------------------------------------------------------------------------------------------+|||
||||  MOD-2026-04-0125                                                                                                                           ||||
||||  Fujitsu Services                                                                                                                           ||||
||||  l.zhang                                                                                                                                    ||||
||||  Estates Finance                                                                                                                            ||||
||||  Low                                                                                                                                        ||||
||||  Within tolerance                                                                                                                           ||||
|||+---------------------------------------------------------------------------------------------------------------------------------------------+|||
|||                                                                     Rows                                                                      |||
||||                                                                    Data                                                                     ||||
|||+---------------------------------------------------------------------------------------------------------------------------------------------+|||
||||                                                                VarCharValue                                                                 ||||
|||+---------------------------------------------------------------------------------------------------------------------------------------------+|||
||||  MOD-2026-04-0136                                                                                                                           ||||
||||  Bae Systems                                                                                                                                ||||
||||  j.dunne                                                                                                                                    ||||
||||  Estates Finance                                                                                                                            ||||
||||  Medium                                                                                                                                     ||||
||||  Flagged for spot check                                                                                                                     ||||
|||+---------------------------------------------------------------------------------------------------------------------------------------------+|||
|||                                                                     Rows                                                                      |||
||||                                                                    Data                                                                     ||||
|||+---------------------------------------------------------------------------------------------------------------------------------------------+|||
||||                                                                VarCharValue                                                                 ||||
|||+---------------------------------------------------------------------------------------------------------------------------------------------+|||
||||  MOD-2026-04-0044                                                                                                                           ||||
||||  Fujitsu Services                                                                                                                           ||||
||||                                                                                                                                             ||||
||||                                                                                                                                             ||||
||||  Low                                                                                                                                        ||||
||||                                                                                                                                             ||||
|||+---------------------------------------------------------------------------------------------------------------------------------------------+|||
|||                                                                     Rows                                                                      |||
||||                                                                    Data                                                                     ||||
|||+---------------------------------------------------------------------------------------------------------------------------------------------+|||
||||                                                                VarCharValue                                                                 ||||
|||+---------------------------------------------------------------------------------------------------------------------------------------------+|||
||||  MOD-2026-04-0058                                                                                                                           ||||
||||  Serco Group                                                                                                                                ||||
||||  l.zhang                                                                                                                                    ||||
||||  Estates Finance                                                                                                                            ||||
||||  High                                                                                                                                       ||||
||||  Awaiting budget confirmation                                                                                                               ||||
|||+---------------------------------------------------------------------------------------------------------------------------------------------+|||
|||                                                                     Rows                                                                      |||
||||                                                                    Data                                                                     ||||
|||+---------------------------------------------------------------------------------------------------------------------------------------------+|||
||||                                                                VarCharValue                                                                 ||||
|||+---------------------------------------------------------------------------------------------------------------------------------------------+|||
||||  MOD-2026-04-0061                                                                                                                           ||||
||||  Pwc                                                                                                                                        ||||
||||                                                                                                                                             ||||
||||                                                                                                                                             ||||
||||  Low                                                                                                                                        ||||
||||                                                                                                                                             ||||
|||+---------------------------------------------------------------------------------------------------------------------------------------------+|||
|||                                                                     Rows                                                                      |||
||||                                                                    Data                                                                     ||||
|||+---------------------------------------------------------------------------------------------------------------------------------------------+|||
||||                                                                VarCharValue                                                                 ||||
|||+---------------------------------------------------------------------------------------------------------------------------------------------+|||
||||  MOD-2026-04-0066                                                                                                                           ||||
||||  Pwc                                                                                                                                        ||||
||||  l.zhang                                                                                                                                    ||||
||||  Finance BP North                                                                                                                           ||||
||||  Low                                                                                                                                        ||||
||||  Awaiting budget confirmation                                                                                                               ||||
|||+---------------------------------------------------------------------------------------------------------------------------------------------+|||
|||                                                                     Rows                                                                      |||
||||                                                                    Data                                                                     ||||
|||+---------------------------------------------------------------------------------------------------------------------------------------------+|||
||||                                                                VarCharValue                                                                 ||||
|||+---------------------------------------------------------------------------------------------------------------------------------------------+|||
||||  MOD-2026-04-0076                                                                                                                           ||||
||||  Methods Business                                                                                                                           ||||
||||  s.mills                                                                                                                                    ||||
||||  Finance BP South                                                                                                                           ||||
||||  Low                                                                                                                                        ||||
||||  Approved under delegated authority                                                                                                         ||||
|||+---------------------------------------------------------------------------------------------------------------------------------------------+|||
|||                                                                     Rows                                                                      |||
||||                                                                    Data                                                                     ||||
|||+---------------------------------------------------------------------------------------------------------------------------------------------+|||
||||                                                                VarCharValue                                                                 ||||
|||+---------------------------------------------------------------------------------------------------------------------------------------------+|||
||||  MOD-2026-04-0100                                                                                                                           ||||
||||  Methods Business                                                                                                                           ||||
||||  s.mills                                                                                                                                    ||||
||||  Estates Finance                                                                                                                            ||||
||||  Low                                                                                                                                        ||||
||||  Within tolerance                                                                                                                           ||||
|||+---------------------------------------------------------------------------------------------------------------------------------------------+|||
|||                                                                     Rows                                                                      |||
||||                                                                    Data                                                                     ||||
|||+---------------------------------------------------------------------------------------------------------------------------------------------+|||
||||                                                                VarCharValue                                                                 ||||
|||+---------------------------------------------------------------------------------------------------------------------------------------------+|||
||||  MOD-2026-04-0103                                                                                                                           ||||
||||  Bae Systems                                                                                                                                ||||
||||  r.patel                                                                                                                                    ||||
||||  Estates Finance                                                                                                                            ||||
||||  Medium                                                                                                                                     ||||
||||  Awaiting budget confirmation                                                                                                               ||||
|||+---------------------------------------------------------------------------------------------------------------------------------------------+|||
|||                                                                     Rows                                                                      |||
||||                                                                    Data                                                                     ||||
|||+---------------------------------------------------------------------------------------------------------------------------------------------+|||
||||                                                                VarCharValue                                                                 ||||
|||+---------------------------------------------------------------------------------------------------------------------------------------------+|||
||||  MOD-2026-04-0105                                                                                                                           ||||
||||  Deloitte Llp                                                                                                                               ||||
||||  l.zhang                                                                                                                                    ||||
||||  Finance BP South                                                                                                                           ||||
||||  Low                                                                                                                                        ||||
||||  Flagged for spot check                                                                                                                     ||||
|||+---------------------------------------------------------------------------------------------------------------------------------------------+|||
===================================================================
ROLE: govspend-region-analyst-role   PROOF: 04 region-analyst: data filter -> only one department's rows
===================================================================
STATE: SUCCEEDED
-----------------------------------------------------------------------------------------------------------------------------------------------------------
|                                                                     GetQueryResults                                                                     |
+------------------------------------------------------------------------------------------------------------------+--------------------------------------+
|  UpdateCount                                                                                                     |  0                                   |
+------------------------------------------------------------------------------------------------------------------+--------------------------------------+
||                                                                       ResultSet                                                                       ||
|+-------------------------------------------------------------------------------------------------------------------------------------------------------+|
|||                                                                  ResultSetMetadata                                                                  |||
||+-----------------------------------------------------------------------------------------------------------------------------------------------------+||
||||                                                                    ColumnInfo                                                                     ||||
|||+---------------+--------------+--------------------+--------------------+-----------+-------------+--------+-------------+-------------+-----------+|||
|||| CaseSensitive | CatalogName  |       Label        |       Name         | Nullable  |  Precision  | Scale  | SchemaName  |  TableName  |   Type    ||||
|||+---------------+--------------+--------------------+--------------------+-----------+-------------+--------+-------------+-------------+-----------+|||
||||  True         |  hive        |  source_department |  source_department |  UNKNOWN  |  2147483647 |  0     |             |             |  varchar  ||||
||||  False        |  hive        |  rows_visible      |  rows_visible      |  UNKNOWN  |  19         |  0     |             |             |  bigint   ||||
||||  False        |  hive        |  total_spend       |  total_spend       |  UNKNOWN  |  17         |  0     |             |             |  double   ||||
|||+---------------+--------------+--------------------+--------------------+-----------+-------------+--------+-------------+-------------+-----------+|||
|||                                                                        Rows                                                                         |||
||||                                                                       Data                                                                        ||||
|||+---------------------------------------------------------------------------------------------------------------------------------------------------+|||
||||                                                                   VarCharValue                                                                    ||||
|||+---------------------------------------------------------------------------------------------------------------------------------------------------+|||
||||  source_department                                                                                                                                ||||
||||  rows_visible                                                                                                                                     ||||
||||  total_spend                                                                                                                                      ||||
|||+---------------------------------------------------------------------------------------------------------------------------------------------------+|||
|||                                                                        Rows                                                                         |||
||||                                                                       Data                                                                        ||||
|||+---------------------------------------------------------------------------------------------------------------------------------------------------+|||
||||                                                                   VarCharValue                                                                    ||||
|||+---------------------------------------------------------------------------------------------------------------------------------------------------+|||
||||  mod                                                                                                                                              ||||
||||  430                                                                                                                                              ||||
||||  1.7753825374E8                                                                                                                                   ||||
|||+---------------------------------------------------------------------------------------------------------------------------------------------------+|||
