WARNING: Using incubator modules: jdk.incubator.vector
Using Spark's default log4j profile: org/apache/spark/log4j2-defaults.properties
26/06/21 19:30:51 WARN Utils: Your hostname, Suleimans-MacBook-Pro.local, resolves to a loopback address: 127.0.0.1; using 192.168.0.158 instead (on interface en0)
26/06/21 19:30:51 WARN Utils: Set SPARK_LOCAL_IP if you need to bind to another address
Using Spark's default log4j profile: org/apache/spark/log4j2-defaults.properties
Setting default log level to "WARN".
To adjust logging level use sc.setLogLevel(newLevel). For SparkR, use setLogLevel(newLevel).
26/06/21 19:30:51 WARN NativeCodeLoader: Unable to load native-hadoop library for your platform... using builtin-java classes where applicable
[idempotency] skip already processed: cabinet_office_spend_2026_04.csv
[idempotency] skip already processed: cabinet_office_spend_2026_05.csv
[idempotency] skip already processed: cabinet_office_spend_2026_05_schemadrift.csv
[idempotency] skip already processed: dhsc_spend_2026_04.csv
[idempotency] skip already processed: dhsc_spend_2026_05.csv
[idempotency] skip already processed: mod_spend_2026_04.csv
[idempotency] skip already processed: mod_spend_2026_05_malformed.csv

Nothing new to process. Pipeline is idempotent.
+-----------------+----------------+-------------+------------+-----------------+--------------+------------+----------+
|source_department|department_group|payment_month|total_spend |transaction_count|supplier_count|credit_count|avg_amount|
+-----------------+----------------+-------------+------------+-----------------+--------------+------------+----------+
|cabinet_office   |Cabinet Office  |2026-04      |138839095.90|330              |9             |29          |420724.53 |
|cabinet_office   |Cabinet Office  |2026-05      |129924000.39|300              |9             |18          |433080.00 |
|dhsc             |Health          |2026-04      |85047340.85 |219              |9             |14          |388344.02 |
|dhsc             |Health          |2026-05      |121128806.34|271              |9             |17          |446969.77 |
|mod              |Defence         |2026-04      |95398944.26 |229              |9             |17          |416589.28 |
|mod              |Defence         |2026-05      |82139309.48 |201              |9             |17          |408653.28 |
+-----------------+----------------+-------------+------------+-----------------+--------------+------------+----------+

